2024-03-21 20:19:29,119 [Worker-0: Loading available Gradle versions] INFO  o.e.b.c.i.u.g.PublishedGradleVersions - Gradle version information cache is up-to-date. Trying to read.
2024-03-21 20:20:20,940 [Worker-5: Importing Maven projects] INFO  o.e.m.c.i.l.LifecycleMappingFactory - Using org.eclipse.m2e.jdt.JarLifecycleMapping lifecycle mapping for MavenProject: sia:taco-cloud-jdbctemplate:0.0.3-SNAPSHOT @ C:\Users\User\Documents\Bootcamp\spring-in-action-6-samples-main\ch03\tacos-jdbctemplate\pom.xml.
2024-03-21 20:20:29,568 [Worker-5: Importing Maven projects] INFO  o.e.m.c.i.l.LifecycleMappingFactory - Using org.eclipse.m2e.jdt.JarLifecycleMapping lifecycle mapping for MavenProject: sia:taco-cloud-sd-jdbc:0.0.3-SNAPSHOT @ C:\Users\User\Documents\Bootcamp\spring-in-action-6-samples-main\ch03\tacos-sd-jdbc\pom.xml.
2024-03-21 20:20:31,122 [Worker-5: Importing Maven projects] INFO  o.e.m.c.i.l.LifecycleMappingFactory - Using org.eclipse.m2e.jdt.JarLifecycleMapping lifecycle mapping for MavenProject: sia:taco-cloud-sd-jpa:0.0.3-SNAPSHOT @ C:\Users\User\Documents\Bootcamp\spring-in-action-6-samples-main\ch03\tacos-sd-jpa\pom.xml.
2024-03-21 20:21:22,962 [Worker-5: Importing Maven projects] INFO  o.e.m.j.i.AbstractJavaProjectConfigurator - Adding source folder /taco-cloud-sd-jdbc/src/main/java
2024-03-21 20:21:22,963 [Worker-5: Importing Maven projects] INFO  o.e.m.j.i.AbstractJavaProjectConfigurator - Adding resource folder /taco-cloud-sd-jdbc/src/main/resources
2024-03-21 20:21:22,964 [Worker-5: Importing Maven projects] INFO  o.e.m.j.i.AbstractJavaProjectConfigurator - Adding resource folder /taco-cloud-sd-jdbc/src/main/resources
2024-03-21 20:21:22,967 [Worker-5: Importing Maven projects] INFO  o.e.m.j.i.AbstractJavaProjectConfigurator - Adding source folder /taco-cloud-sd-jdbc/src/test/java
2024-03-21 20:21:22,967 [Worker-5: Importing Maven projects] INFO  o.e.m.j.i.AbstractJavaProjectConfigurator - Adding resource folder /taco-cloud-sd-jdbc/src/test/resources
2024-03-21 20:21:26,529 [Worker-5: Importing Maven projects] INFO  o.e.m.j.i.AbstractJavaProjectConfigurator - Adding source folder /taco-cloud-jdbctemplate/src/main/java
2024-03-21 20:21:26,530 [Worker-5: Importing Maven projects] INFO  o.e.m.j.i.AbstractJavaProjectConfigurator - Adding resource folder /taco-cloud-jdbctemplate/src/main/resources
2024-03-21 20:21:26,531 [Worker-5: Importing Maven projects] INFO  o.e.m.j.i.AbstractJavaProjectConfigurator - Adding resource folder /taco-cloud-jdbctemplate/src/main/resources
2024-03-21 20:21:26,533 [Worker-5: Importing Maven projects] INFO  o.e.m.j.i.AbstractJavaProjectConfigurator - Adding source folder /taco-cloud-jdbctemplate/src/test/java
2024-03-21 20:21:26,533 [Worker-5: Importing Maven projects] INFO  o.e.m.j.i.AbstractJavaProjectConfigurator - Adding resource folder /taco-cloud-jdbctemplate/src/test/resources
2024-03-21 20:21:29,228 [Worker-5: Importing Maven projects] INFO  o.e.m.j.i.AbstractJavaProjectConfigurator - Adding source folder /taco-cloud-sd-jpa/src/main/java
2024-03-21 20:21:29,228 [Worker-5: Importing Maven projects] INFO  o.e.m.j.i.AbstractJavaProjectConfigurator - Adding resource folder /taco-cloud-sd-jpa/src/main/resources
2024-03-21 20:21:29,228 [Worker-5: Importing Maven projects] INFO  o.e.m.j.i.AbstractJavaProjectConfigurator - Adding resource folder /taco-cloud-sd-jpa/src/main/resources
2024-03-21 20:21:29,229 [Worker-5: Importing Maven projects] INFO  o.e.m.j.i.AbstractJavaProjectConfigurator - Adding source folder /taco-cloud-sd-jpa/src/test/java
2024-03-21 20:21:29,229 [Worker-5: Importing Maven projects] INFO  o.e.m.j.i.AbstractJavaProjectConfigurator - Adding resource folder /taco-cloud-sd-jpa/src/test/resources
2024-03-21 20:21:34,330 [Worker-5: Importing Maven projects] INFO  o.e.m.c.i.p.ProjectConfigurationManager - Imported and configured 3 project(s) in 86 sec
2024-03-21 20:21:35,052 [Worker-3: Updating Maven Project] INFO  o.e.m.c.i.p.ProjectConfigurationManager - Update started
2024-03-21 20:21:40,800 [Worker-3: Updating Maven Project] INFO  o.e.m.c.i.l.LifecycleMappingFactory - Using org.eclipse.m2e.jdt.JarLifecycleMapping lifecycle mapping for MavenProject: sia:taco-cloud-jdbctemplate:0.0.3-SNAPSHOT @ C:\Users\User\Documents\Bootcamp\spring-in-action-6-samples-main\ch03\tacos-jdbctemplate\pom.xml.
2024-03-21 20:21:53,978 [Worker-3: Updating Maven Project] INFO  o.e.m.c.i.l.LifecycleMappingFactory - Using org.eclipse.m2e.jdt.JarLifecycleMapping lifecycle mapping for MavenProject: sia:taco-cloud-sd-jdbc:0.0.3-SNAPSHOT @ C:\Users\User\Documents\Bootcamp\spring-in-action-6-samples-main\ch03\tacos-sd-jdbc\pom.xml.
2024-03-21 20:21:54,705 [Worker-3: Updating Maven Project] INFO  o.e.m.c.i.l.LifecycleMappingFactory - Using org.eclipse.m2e.jdt.JarLifecycleMapping lifecycle mapping for MavenProject: sia:taco-cloud-sd-jpa:0.0.3-SNAPSHOT @ C:\Users\User\Documents\Bootcamp\spring-in-action-6-samples-main\ch03\tacos-sd-jpa\pom.xml.
2024-03-21 20:22:02,025 [Worker-3: Updating Maven Project] INFO  o.e.m.j.i.AbstractJavaProjectConfigurator - Adding source folder /taco-cloud-jdbctemplate/src/main/java
2024-03-21 20:22:02,025 [Worker-3: Updating Maven Project] INFO  o.e.m.j.i.AbstractJavaProjectConfigurator - Adding resource folder /taco-cloud-jdbctemplate/src/main/resources
2024-03-21 20:22:02,025 [Worker-3: Updating Maven Project] INFO  o.e.m.j.i.AbstractJavaProjectConfigurator - Adding resource folder /taco-cloud-jdbctemplate/src/main/resources
2024-03-21 20:22:02,027 [Worker-3: Updating Maven Project] INFO  o.e.m.j.i.AbstractJavaProjectConfigurator - Adding source folder /taco-cloud-jdbctemplate/src/test/java
2024-03-21 20:22:02,027 [Worker-3: Updating Maven Project] INFO  o.e.m.j.i.AbstractJavaProjectConfigurator - Adding resource folder /taco-cloud-jdbctemplate/src/test/resources
2024-03-21 20:22:02,994 [Worker-3: Updating Maven Project] INFO  o.e.m.j.i.AbstractJavaProjectConfigurator - Adding source folder /taco-cloud-sd-jdbc/src/main/java
2024-03-21 20:22:02,994 [Worker-3: Updating Maven Project] INFO  o.e.m.j.i.AbstractJavaProjectConfigurator - Adding resource folder /taco-cloud-sd-jdbc/src/main/resources
2024-03-21 20:22:02,995 [Worker-3: Updating Maven Project] INFO  o.e.m.j.i.AbstractJavaProjectConfigurator - Adding resource folder /taco-cloud-sd-jdbc/src/main/resources
2024-03-21 20:22:02,997 [Worker-3: Updating Maven Project] INFO  o.e.m.j.i.AbstractJavaProjectConfigurator - Adding source folder /taco-cloud-sd-jdbc/src/test/java
2024-03-21 20:22:02,997 [Worker-3: Updating Maven Project] INFO  o.e.m.j.i.AbstractJavaProjectConfigurator - Adding resource folder /taco-cloud-sd-jdbc/src/test/resources
2024-03-21 20:22:04,102 [Worker-3: Updating Maven Project] INFO  o.e.m.j.i.AbstractJavaProjectConfigurator - Adding source folder /taco-cloud-sd-jpa/src/main/java
2024-03-21 20:22:04,103 [Worker-3: Updating Maven Project] INFO  o.e.m.j.i.AbstractJavaProjectConfigurator - Adding resource folder /taco-cloud-sd-jpa/src/main/resources
2024-03-21 20:22:04,104 [Worker-3: Updating Maven Project] INFO  o.e.m.j.i.AbstractJavaProjectConfigurator - Adding resource folder /taco-cloud-sd-jpa/src/main/resources
2024-03-21 20:22:04,105 [Worker-3: Updating Maven Project] INFO  o.e.m.j.i.AbstractJavaProjectConfigurator - Adding source folder /taco-cloud-sd-jpa/src/test/java
2024-03-21 20:22:04,106 [Worker-3: Updating Maven Project] INFO  o.e.m.j.i.AbstractJavaProjectConfigurator - Adding resource folder /taco-cloud-sd-jpa/src/test/resources
2024-03-21 20:22:14,289 [Worker-3: Updating Maven Project] INFO  o.e.m.c.i.p.ProjectConfigurationManager - Update completed for 3 poms: local refresh takes 0,00 sec, refresh facades takes 26,00 sec, update config takes 2,00 sec 
2024-03-21 20:22:26,611 [Worker-3: Building] INFO  o.e.m.c.i.embedder.EclipseLogger - Using 'UTF-8' encoding to copy filtered resources.
2024-03-21 20:22:26,612 [Worker-3: Building] INFO  o.e.m.c.i.embedder.EclipseLogger - Using 'UTF-8' encoding to copy filtered properties files.
2024-03-21 20:22:26,797 [Worker-3: Building] INFO  o.e.m.c.i.embedder.EclipseLogger - Copying 1 resource
2024-03-21 20:22:26,862 [Worker-3: Building] INFO  o.e.m.c.i.embedder.EclipseLogger - Copying 7 resources
2024-03-21 20:22:29,866 [Worker-3: Building] INFO  o.e.m.c.i.embedder.EclipseLogger - Using 'UTF-8' encoding to copy filtered resources.
2024-03-21 20:22:29,866 [Worker-3: Building] INFO  o.e.m.c.i.embedder.EclipseLogger - Using 'UTF-8' encoding to copy filtered properties files.
2024-03-21 20:22:29,867 [Worker-3: Building] INFO  o.e.m.c.i.embedder.EclipseLogger - skip non existing resourceDirectory C:\Users\User\Documents\Bootcamp\spring-in-action-6-samples-main\ch03\tacos-jdbctemplate\src\test\resources
2024-03-21 20:22:41,034 [Worker-3: Building] INFO  o.e.m.c.i.embedder.EclipseLogger - Using 'UTF-8' encoding to copy filtered resources.
2024-03-21 20:22:41,034 [Worker-3: Building] INFO  o.e.m.c.i.embedder.EclipseLogger - Using 'UTF-8' encoding to copy filtered properties files.
2024-03-21 20:22:41,035 [Worker-3: Building] INFO  o.e.m.c.i.embedder.EclipseLogger - Copying 1 resource
2024-03-21 20:22:41,090 [Worker-3: Building] INFO  o.e.m.c.i.embedder.EclipseLogger - Copying 6 resources
2024-03-21 20:22:41,657 [Worker-3: Building] INFO  o.e.m.c.i.embedder.EclipseLogger - Using 'UTF-8' encoding to copy filtered resources.
2024-03-21 20:22:41,657 [Worker-3: Building] INFO  o.e.m.c.i.embedder.EclipseLogger - Using 'UTF-8' encoding to copy filtered properties files.
2024-03-21 20:22:41,657 [Worker-3: Building] INFO  o.e.m.c.i.embedder.EclipseLogger - skip non existing resourceDirectory C:\Users\User\Documents\Bootcamp\spring-in-action-6-samples-main\ch03\tacos-sd-jdbc\src\test\resources
2024-03-21 20:22:43,032 [Worker-3: Building] INFO  o.e.m.c.i.embedder.EclipseLogger - Using 'UTF-8' encoding to copy filtered resources.
2024-03-21 20:22:43,032 [Worker-3: Building] INFO  o.e.m.c.i.embedder.EclipseLogger - Using 'UTF-8' encoding to copy filtered properties files.
2024-03-21 20:22:43,033 [Worker-3: Building] INFO  o.e.m.c.i.embedder.EclipseLogger - Copying 1 resource
2024-03-21 20:22:43,062 [Worker-3: Building] INFO  o.e.m.c.i.embedder.EclipseLogger - Copying 5 resources
2024-03-21 20:22:43,371 [Worker-3: Building] INFO  o.e.m.c.i.embedder.EclipseLogger - Using 'UTF-8' encoding to copy filtered resources.
2024-03-21 20:22:43,371 [Worker-3: Building] INFO  o.e.m.c.i.embedder.EclipseLogger - Using 'UTF-8' encoding to copy filtered properties files.
2024-03-21 20:22:43,372 [Worker-3: Building] INFO  o.e.m.c.i.embedder.EclipseLogger - skip non existing resourceDirectory C:\Users\User\Documents\Bootcamp\spring-in-action-6-samples-main\ch03\tacos-sd-jpa\src\test\resources
2024-03-22 07:39:19,015 [Worker-33: Launching taco-cloud-jdbctemplate - TacoCloudApplication] INFO  o.e.m.c.i.embedder.EclipseLogger - Using 'UTF-8' encoding to copy filtered resources.
2024-03-22 07:39:19,682 [Worker-33: Launching taco-cloud-jdbctemplate - TacoCloudApplication] INFO  o.e.m.c.i.embedder.EclipseLogger - Using 'UTF-8' encoding to copy filtered properties files.
2024-03-22 07:39:19,840 [Worker-33: Launching taco-cloud-jdbctemplate - TacoCloudApplication] INFO  o.e.m.c.i.embedder.EclipseLogger - Copying 0 resource
2024-03-22 07:39:19,852 [Worker-33: Launching taco-cloud-jdbctemplate - TacoCloudApplication] INFO  o.e.m.c.i.embedder.EclipseLogger - Copying 1 resource
2024-03-22 07:39:20,226 [Worker-33: Launching taco-cloud-jdbctemplate - TacoCloudApplication] INFO  o.e.m.c.i.embedder.EclipseLogger - Using 'UTF-8' encoding to copy filtered resources.
2024-03-22 07:39:20,226 [Worker-33: Launching taco-cloud-jdbctemplate - TacoCloudApplication] INFO  o.e.m.c.i.embedder.EclipseLogger - Using 'UTF-8' encoding to copy filtered properties files.
2024-03-22 07:39:20,226 [Worker-33: Launching taco-cloud-jdbctemplate - TacoCloudApplication] INFO  o.e.m.c.i.embedder.EclipseLogger - skip non existing resourceDirectory C:\Users\User\Documents\Bootcamp\spring-in-action-6-samples-main\ch03\tacos-jdbctemplate\src\test\resources
